<?xml version="1.0" encoding="UTF-8"?>
<testsuite name="standard.standard.StandardApplicationTests" tests="1" skipped="0" failures="0" errors="0" timestamp="2024-09-06T01:48:54" hostname="ETNERS" time="0.53">
  <properties/>
  <testcase name="contextLoads()" classname="standard.standard.StandardApplicationTests" time="0.53"/>
  <system-out><![CDATA[10:48:47.472 [Test worker] INFO org.springframework.test.context.support.AnnotationConfigContextLoaderUtils -- Could not detect default configuration classes for test class [standard.standard.StandardApplicationTests]: StandardApplicationTests does not declare any static, non-private, non-final, nested classes annotated with @Configuration.
10:48:47.575 [Test worker] INFO org.springframework.boot.test.context.SpringBootTestContextBootstrapper -- Found @SpringBootConfiguration standard.standard.StandardApplication for test class standard.standard.StandardApplicationTests
10:48:47.737 [Test worker] INFO org.springframework.boot.devtools.restart.RestartApplicationListener -- Restart disabled due to context in which it is running
10:48:48,332 |-WARN in org.springframework.boot.logging.logback.SpringProfileIfNestedWithinSecondPhaseElementSanityChecker@7a1f8def - <springProfile> elements cannot be nested within an <appender>, <logger> or <root> element
10:48:48,332 |-WARN in org.springframework.boot.logging.logback.SpringProfileIfNestedWithinSecondPhaseElementSanityChecker@7a1f8def - Element <root> at line 28 contains a nested <springProfile> element at line 29
10:48:48,332 |-WARN in org.springframework.boot.logging.logback.SpringProfileIfNestedWithinSecondPhaseElementSanityChecker@7a1f8def - Element <root> at line 28 contains a nested <springProfile> element at line 33
10:48:48,332 |-WARN in org.springframework.boot.logging.logback.SpringProfileIfNestedWithinSecondPhaseElementSanityChecker@7a1f8def - Element <root> at line 28 contains a nested <springProfile> element at line 38
10:48:48,370 |-INFO in ch.qos.logback.classic.model.processor.ConfigurationModelHandlerFull - Registering a new ReconfigureOnChangeTask ReconfigureOnChangeTask(born:1725587328370)
10:48:48,371 |-INFO in ch.qos.logback.classic.model.processor.ConfigurationModelHandlerFull - Will scan for changes in [file:/C:/Users/ETNERS/Documents/GitHub/standardAPI/standard/standard/build/resources/main/logback-spring.xml] 
10:48:48,371 |-INFO in ch.qos.logback.classic.model.processor.ConfigurationModelHandlerFull - Setting ReconfigureOnChangeTask scanning period to 3 minutes
10:48:48,374 |-INFO in ch.qos.logback.core.model.processor.AppenderModelHandler - Processing appender named [console]
10:48:48,374 |-INFO in ch.qos.logback.core.model.processor.AppenderModelHandler - About to instantiate appender of type [ch.qos.logback.core.ConsoleAppender]
10:48:48,397 |-INFO in ch.qos.logback.core.model.processor.DefaultProcessor@116a2108 - End of configuration.
10:48:48,397 |-INFO in org.springframework.boot.logging.logback.SpringBootJoranConfigurator@5e8c34a0 - Registering current configuration as safe fallback point


 _____  _____   ___   _   _          _____  _____   ___   _   _ ______   ___  ______ ______           ___  ______  _____
/  ___||_   _| / _ \ | \ | |        /  ___||_   _| / _ \ | \ | ||  _  \ / _ \ | ___ \|  _  \         / _ \ | ___ \|_   _|
\ `--.   | |  / /_\ \|  \| | ______ \ `--.   | |  / /_\ \|  \| || | | |/ /_\ \| |_/ /| | | | ______ / /_\ \| |_/ /  | |
 `--. \  | |  |  _  || . ` ||______| `--. \  | |  |  _  || . ` || | | ||  _  ||    / | | | ||______||  _  ||  __/   | |
/\__/ / _| |_ | | | || |\  |        /\__/ /  | |  | | | || |\  || |/ / | | | || |\ \ | |/ /         | | | || |     _| |_
\____/  \___/ \_| |_/\_| \_/        \____/   \_/  \_| |_/\_| \_/|___/  \_| |_/\_| \_||___/          \_| |_/\_|     \___/


STANDARD API 1.0.0
:: Spring Boot 3.3.4-SNAPSHOT ::

]]></system-out>
  <system-err><![CDATA[]]></system-err>
</testsuite>
